<?xml version="1.0" encoding="UTF-8"?>
<!-- Generated by org.testng.reporters.JUnitReportReporter -->
<testsuite hostname="DESKTOP-9843D13" failures="0" tests="2" name="com.testng.CrossBrowserTesting" time="47.710" errors="1" timestamp="2024-08-16T12:45:32 IST" skipped="0">
  <testcase classname="com.testng.CrossBrowserTesting" name="testWithChrome" time="5.308">
    <error message="session not created: This version of ChromeDriver only supports Chrome version 125
Current browser version is 127.0.6533.90 with binary path C:\Program Files\Google\Chrome\Application\chrome.exe
Build info: version: &#039;3.141.59&#039;, revision: &#039;e82be7d358&#039;, time: &#039;2018-11-14T08:17:03&#039;
System info: host: &#039;DESKTOP-9843D13&#039;, ip: &#039;192.168.31.91&#039;, os.name: &#039;Windows 10&#039;, os.arch: &#039;amd64&#039;, os.version: &#039;10.0&#039;, java.version: &#039;11.0.22&#039;
Driver info: driver.version: ChromeDriver
remote stacktrace: 	GetHandleVerifier [0x00007FF791B522C2+60002]
	(No symbol) [0x00007FF791ACCA59]
	(No symbol) [0x00007FF791987EDA]
	(No symbol) [0x00007FF7919C6242]
	(No symbol) [0x00007FF7919C5418]
	(No symbol) [0x00007FF7919BF007]
	(No symbol) [0x00007FF7919BAFA4]
	(No symbol) [0x00007FF791A079A4]
	(No symbol) [0x00007FF791A07000]
	(No symbol) [0x00007FF7919FC033]
	(No symbol) [0x00007FF7919C9657]
	(No symbol) [0x00007FF7919CA251]
	GetHandleVerifier [0x00007FF791E63E2D+3278285]
	GetHandleVerifier [0x00007FF791EB0190+3590448]
	GetHandleVerifier [0x00007FF791EA61D0+3549552]
	GetHandleVerifier [0x00007FF791C01DE6+779654]
	(No symbol) [0x00007FF791AD7ACF]
	(No symbol) [0x00007FF791AD2EE4]
	(No symbol) [0x00007FF791AD3072]
	(No symbol) [0x00007FF791AC2C4F]
	BaseThreadInitThunk [0x00007FF895AB7344+20]
	RtlUserThreadStart [0x00007FF8971426B1+33]
" type="org.openqa.selenium.SessionNotCreatedException">
      <![CDATA[org.openqa.selenium.SessionNotCreatedException: session not created: This version of ChromeDriver only supports Chrome version 125
Current browser version is 127.0.6533.90 with binary path C:\Program Files\Google\Chrome\Application\chrome.exe
Build info: version: '3.141.59', revision: 'e82be7d358', time: '2018-11-14T08:17:03'
System info: host: 'DESKTOP-9843D13', ip: '192.168.31.91', os.name: 'Windows 10', os.arch: 'amd64', os.version: '10.0', java.version: '11.0.22'
Driver info: driver.version: ChromeDriver
remote stacktrace: GetHandleVerifier [0x00007FF791B522C2+60002]
(No symbol) [0x00007FF791ACCA59]
(No symbol) [0x00007FF791987EDA]
(No symbol) [0x00007FF7919C6242]
(No symbol) [0x00007FF7919C5418]
(No symbol) [0x00007FF7919BF007]
(No symbol) [0x00007FF7919BAFA4]
(No symbol) [0x00007FF791A079A4]
(No symbol) [0x00007FF791A07000]
(No symbol) [0x00007FF7919FC033]
(No symbol) [0x00007FF7919C9657]
(No symbol) [0x00007FF7919CA251]
GetHandleVerifier [0x00007FF791E63E2D+3278285]
GetHandleVerifier [0x00007FF791EB0190+3590448]
GetHandleVerifier [0x00007FF791EA61D0+3549552]
GetHandleVerifier [0x00007FF791C01DE6+779654]
(No symbol) [0x00007FF791AD7ACF]
(No symbol) [0x00007FF791AD2EE4]
(No symbol) [0x00007FF791AD3072]
(No symbol) [0x00007FF791AC2C4F]
BaseThreadInitThunk [0x00007FF895AB7344+20]
RtlUserThreadStart [0x00007FF8971426B1+33]

at java.base/jdk.internal.reflect.NativeConstructorAccessorImpl.newInstance0(Native Method)
at java.base/jdk.internal.reflect.NativeConstructorAccessorImpl.newInstance(NativeConstructorAccessorImpl.java:62)
at java.base/jdk.internal.reflect.DelegatingConstructorAccessorImpl.newInstance(DelegatingConstructorAccessorImpl.java:45)
at java.base/java.lang.reflect.Constructor.newInstance(Constructor.java:490)
at org.openqa.selenium.remote.W3CHandshakeResponse.lambda$errorHandler$0(W3CHandshakeResponse.java:62)
at org.openqa.selenium.remote.HandshakeResponse.lambda$getResponseFunction$0(HandshakeResponse.java:30)
at org.openqa.selenium.remote.ProtocolHandshake.lambda$createSession$0(ProtocolHandshake.java:126)
at java.base/java.util.stream.ReferencePipeline$3$1.accept(ReferencePipeline.java:195)
at java.base/java.util.Spliterators$ArraySpliterator.tryAdvance(Spliterators.java:958)
at java.base/java.util.stream.ReferencePipeline.forEachWithCancel(ReferencePipeline.java:127)
at java.base/java.util.stream.AbstractPipeline.copyIntoWithCancel(AbstractPipeline.java:502)
at java.base/java.util.stream.AbstractPipeline.copyInto(AbstractPipeline.java:488)
at java.base/java.util.stream.AbstractPipeline.wrapAndCopyInto(AbstractPipeline.java:474)
at java.base/java.util.stream.FindOps$FindOp.evaluateSequential(FindOps.java:150)
at java.base/java.util.stream.AbstractPipeline.evaluate(AbstractPipeline.java:234)
at java.base/java.util.stream.ReferencePipeline.findFirst(ReferencePipeline.java:543)
at org.openqa.selenium.remote.ProtocolHandshake.createSession(ProtocolHandshake.java:128)
at org.openqa.selenium.remote.ProtocolHandshake.createSession(ProtocolHandshake.java:74)
at org.openqa.selenium.remote.HttpCommandExecutor.execute(HttpCommandExecutor.java:136)
at org.openqa.selenium.remote.service.DriverCommandExecutor.execute(DriverCommandExecutor.java:83)
at org.openqa.selenium.remote.RemoteWebDriver.execute(RemoteWebDriver.java:552)
at org.openqa.selenium.remote.RemoteWebDriver.startSession(RemoteWebDriver.java:213)
at org.openqa.selenium.remote.RemoteWebDriver.<init>(RemoteWebDriver.java:131)
at org.openqa.selenium.chrome.ChromeDriver.<init>(ChromeDriver.java:181)
at org.openqa.selenium.chrome.ChromeDriver.<init>(ChromeDriver.java:168)
at org.openqa.selenium.chrome.ChromeDriver.<init>(ChromeDriver.java:123)
at com.testng.CrossBrowserTesting.testWithChrome(CrossBrowserTesting.java:13)
at java.base/jdk.internal.reflect.NativeMethodAccessorImpl.invoke0(Native Method)
at java.base/jdk.internal.reflect.NativeMethodAccessorImpl.invoke(NativeMethodAccessorImpl.java:62)
at java.base/jdk.internal.reflect.DelegatingMethodAccessorImpl.invoke(DelegatingMethodAccessorImpl.java:43)
at java.base/java.lang.reflect.Method.invoke(Method.java:566)
at org.testng.internal.MethodInvocationHelper.invokeMethod(MethodInvocationHelper.java:133)
at org.testng.internal.TestInvoker.invokeMethod(TestInvoker.java:598)
at org.testng.internal.TestInvoker.invokeTestMethod(TestInvoker.java:173)
at org.testng.internal.MethodRunner.runInSequence(MethodRunner.java:46)
at org.testng.internal.TestInvoker$MethodInvocationAgent.invoke(TestInvoker.java:824)
at org.testng.internal.TestInvoker.invokeTestMethods(TestInvoker.java:146)
at org.testng.internal.TestMethodWorker.invokeTestMethods(TestMethodWorker.java:146)
at org.testng.internal.TestMethodWorker.run(TestMethodWorker.java:128)
at java.base/java.util.ArrayList.forEach(ArrayList.java:1541)
at org.testng.TestRunner.privateRun(TestRunner.java:794)
at org.testng.TestRunner.run(TestRunner.java:596)
at org.testng.SuiteRunner.runTest(SuiteRunner.java:377)
at org.testng.SuiteRunner.runSequentially(SuiteRunner.java:371)
at org.testng.SuiteRunner.privateRun(SuiteRunner.java:332)
at org.testng.SuiteRunner.run(SuiteRunner.java:276)
at org.testng.SuiteRunnerWorker.runSuite(SuiteRunnerWorker.java:53)
at org.testng.SuiteRunnerWorker.run(SuiteRunnerWorker.java:96)
at org.testng.TestNG.runSuitesSequentially(TestNG.java:1212)
at org.testng.TestNG.runSuitesLocally(TestNG.java:1134)
at org.testng.TestNG.runSuites(TestNG.java:1063)
at org.testng.TestNG.run(TestNG.java:1031)
at org.testng.remote.AbstractRemoteTestNG.run(AbstractRemoteTestNG.java:115)
at org.testng.remote.RemoteTestNG.initAndRun(RemoteTestNG.java:293)
at org.testng.remote.RemoteTestNG.main(RemoteTestNG.java:91)
]]>
    </error>
  </testcase> <!-- testWithChrome -->
  <system-out/>
  <testcase classname="com.testng.CrossBrowserTesting" name="testWithFireFox" time="42.402"/>
  <system-out/>
</testsuite> <!-- com.testng.CrossBrowserTesting -->
